[0.117s] colcon DEBUG Command line arguments: ['/usr/bin/colcon', 'list', '-p', '--base-paths', '/home/ichan/yolov11-ros2-cpp']
[0.117s] colcon DEBUG Parsed command line arguments: Namespace(log_base=None, log_level=None, verb_name='list', build_base='build', ignore_user_meta=False, metas=['./colcon.meta'], base_paths=['/home/ichan/yolov11-ros2-cpp'], packages_ignore=None, packages_ignore_regex=None, paths=None, packages_up_to=None, packages_up_to_regex=None, packages_above=None, packages_above_and_dependencies=None, packages_above_depth=None, packages_select_by_dep=None, packages_skip_by_dep=None, packages_skip_up_to=None, packages_select_build_failed=False, packages_skip_build_finished=False, packages_select_test_failures=False, packages_skip_test_passed=False, packages_select=None, packages_skip=None, packages_select_regex=None, packages_skip_regex=None, packages_start=None, packages_end=None, allow_overriding=[], topological_order=False, names_only=False, paths_only=True, topological_graph=False, topological_graph_dot=False, topological_graph_density=False, topological_graph_legend=False, topological_graph_dot_cluster=False, topological_graph_dot_include_skipped=False, verb_parser=<colcon_defaults.argument_parser.defaults.DefaultArgumentsDecorator object at 0x7115ae1eaef0>, verb_extension=<colcon_package_information.verb.list.ListVerb object at 0x7115ae17bbe0>, main=<bound method ListVerb.main of <colcon_package_information.verb.list.ListVerb object at 0x7115ae17bbe0>>)
[0.292s] colcon.colcon_core.package_discovery Level 1 discover_packages(colcon_meta) check parameters
[0.292s] colcon.colcon_core.package_discovery Level 1 discover_packages(recursive) check parameters
[0.292s] colcon.colcon_core.package_discovery Level 1 discover_packages(ignore) check parameters
[0.292s] colcon.colcon_core.package_discovery Level 1 discover_packages(path) check parameters
[0.292s] colcon.colcon_core.package_discovery Level 1 discover_packages(recursive) discover
[0.293s] colcon.colcon_core.package_discovery INFO Crawling recursively for packages in '/home/ichan/yolov11-ros2-cpp'
[0.293s] colcon.colcon_core.package_identification Level 1 _identify(/home/ichan/yolov11-ros2-cpp) by extensions ['ignore', 'ignore_ament_install']
[0.293s] colcon.colcon_core.package_identification Level 1 _identify(/home/ichan/yolov11-ros2-cpp) by extension 'ignore'
[0.294s] colcon.colcon_core.package_identification Level 1 _identify(/home/ichan/yolov11-ros2-cpp) by extension 'ignore_ament_install'
[0.294s] colcon.colcon_core.package_identification Level 1 _identify(/home/ichan/yolov11-ros2-cpp) by extensions ['colcon_pkg']
[0.294s] colcon.colcon_core.package_identification Level 1 _identify(/home/ichan/yolov11-ros2-cpp) by extension 'colcon_pkg'
[0.294s] colcon.colcon_core.package_identification Level 1 _identify(/home/ichan/yolov11-ros2-cpp) by extensions ['colcon_meta']
[0.294s] colcon.colcon_core.package_identification Level 1 _identify(/home/ichan/yolov11-ros2-cpp) by extension 'colcon_meta'
[0.294s] colcon.colcon_core.package_identification Level 1 _identify(/home/ichan/yolov11-ros2-cpp) by extensions ['ros']
[0.294s] colcon.colcon_core.package_identification Level 1 _identify(/home/ichan/yolov11-ros2-cpp) by extension 'ros'
[0.306s] colcon.colcon_core.package_identification Level 1 _identify(/home/ichan/yolov11-ros2-cpp) by extensions ['cmake', 'python']
[0.307s] colcon.colcon_core.package_identification Level 1 _identify(/home/ichan/yolov11-ros2-cpp) by extension 'cmake'
[0.307s] colcon.colcon_core.package_identification Level 1 _identify(/home/ichan/yolov11-ros2-cpp) by extension 'python'
[0.307s] colcon.colcon_core.package_identification Level 1 _identify(/home/ichan/yolov11-ros2-cpp) by extensions ['python_setup_py']
[0.307s] colcon.colcon_core.package_identification Level 1 _identify(/home/ichan/yolov11-ros2-cpp) by extension 'python_setup_py'
[0.307s] colcon.colcon_core.package_identification Level 1 _identify(/home/ichan/yolov11-ros2-cpp/log) by extensions ['ignore', 'ignore_ament_install']
[0.307s] colcon.colcon_core.package_identification Level 1 _identify(/home/ichan/yolov11-ros2-cpp/log) by extension 'ignore'
[0.307s] colcon.colcon_core.package_identification Level 1 _identify(/home/ichan/yolov11-ros2-cpp/log) ignored
[0.307s] colcon.colcon_core.package_identification Level 1 _identify(/home/ichan/yolov11-ros2-cpp/output) by extensions ['ignore', 'ignore_ament_install']
[0.307s] colcon.colcon_core.package_identification Level 1 _identify(/home/ichan/yolov11-ros2-cpp/output) by extension 'ignore'
[0.307s] colcon.colcon_core.package_identification Level 1 _identify(/home/ichan/yolov11-ros2-cpp/output) by extension 'ignore_ament_install'
[0.307s] colcon.colcon_core.package_identification Level 1 _identify(/home/ichan/yolov11-ros2-cpp/output) by extensions ['colcon_pkg']
[0.307s] colcon.colcon_core.package_identification Level 1 _identify(/home/ichan/yolov11-ros2-cpp/output) by extension 'colcon_pkg'
[0.307s] colcon.colcon_core.package_identification Level 1 _identify(/home/ichan/yolov11-ros2-cpp/output) by extensions ['colcon_meta']
[0.307s] colcon.colcon_core.package_identification Level 1 _identify(/home/ichan/yolov11-ros2-cpp/output) by extension 'colcon_meta'
[0.307s] colcon.colcon_core.package_identification Level 1 _identify(/home/ichan/yolov11-ros2-cpp/output) by extensions ['ros']
[0.308s] colcon.colcon_core.package_identification Level 1 _identify(/home/ichan/yolov11-ros2-cpp/output) by extension 'ros'
[0.308s] colcon.colcon_core.package_identification Level 1 _identify(/home/ichan/yolov11-ros2-cpp/output) by extensions ['cmake', 'python']
[0.308s] colcon.colcon_core.package_identification Level 1 _identify(/home/ichan/yolov11-ros2-cpp/output) by extension 'cmake'
[0.308s] colcon.colcon_core.package_identification Level 1 _identify(/home/ichan/yolov11-ros2-cpp/output) by extension 'python'
[0.308s] colcon.colcon_core.package_identification Level 1 _identify(/home/ichan/yolov11-ros2-cpp/output) by extensions ['python_setup_py']
[0.308s] colcon.colcon_core.package_identification Level 1 _identify(/home/ichan/yolov11-ros2-cpp/output) by extension 'python_setup_py'
[0.308s] colcon.colcon_core.package_identification Level 1 _identify(/home/ichan/yolov11-ros2-cpp/src) by extensions ['ignore', 'ignore_ament_install']
[0.308s] colcon.colcon_core.package_identification Level 1 _identify(/home/ichan/yolov11-ros2-cpp/src) by extension 'ignore'
[0.308s] colcon.colcon_core.package_identification Level 1 _identify(/home/ichan/yolov11-ros2-cpp/src) by extension 'ignore_ament_install'
[0.308s] colcon.colcon_core.package_identification Level 1 _identify(/home/ichan/yolov11-ros2-cpp/src) by extensions ['colcon_pkg']
[0.308s] colcon.colcon_core.package_identification Level 1 _identify(/home/ichan/yolov11-ros2-cpp/src) by extension 'colcon_pkg'
[0.308s] colcon.colcon_core.package_identification Level 1 _identify(/home/ichan/yolov11-ros2-cpp/src) by extensions ['colcon_meta']
[0.308s] colcon.colcon_core.package_identification Level 1 _identify(/home/ichan/yolov11-ros2-cpp/src) by extension 'colcon_meta'
[0.308s] colcon.colcon_core.package_identification Level 1 _identify(/home/ichan/yolov11-ros2-cpp/src) by extensions ['ros']
[0.308s] colcon.colcon_core.package_identification Level 1 _identify(/home/ichan/yolov11-ros2-cpp/src) by extension 'ros'
[0.308s] colcon.colcon_core.package_identification Level 1 _identify(/home/ichan/yolov11-ros2-cpp/src) by extensions ['cmake', 'python']
[0.308s] colcon.colcon_core.package_identification Level 1 _identify(/home/ichan/yolov11-ros2-cpp/src) by extension 'cmake'
[0.308s] colcon.colcon_core.package_identification Level 1 _identify(/home/ichan/yolov11-ros2-cpp/src) by extension 'python'
[0.308s] colcon.colcon_core.package_identification Level 1 _identify(/home/ichan/yolov11-ros2-cpp/src) by extensions ['python_setup_py']
[0.308s] colcon.colcon_core.package_identification Level 1 _identify(/home/ichan/yolov11-ros2-cpp/src) by extension 'python_setup_py'
[0.308s] colcon.colcon_core.package_identification Level 1 _identify(/home/ichan/yolov11-ros2-cpp/src/yolo_ws) by extensions ['ignore', 'ignore_ament_install']
[0.309s] colcon.colcon_core.package_identification Level 1 _identify(/home/ichan/yolov11-ros2-cpp/src/yolo_ws) by extension 'ignore'
[0.309s] colcon.colcon_core.package_identification Level 1 _identify(/home/ichan/yolov11-ros2-cpp/src/yolo_ws) by extension 'ignore_ament_install'
[0.309s] colcon.colcon_core.package_identification Level 1 _identify(/home/ichan/yolov11-ros2-cpp/src/yolo_ws) by extensions ['colcon_pkg']
[0.309s] colcon.colcon_core.package_identification Level 1 _identify(/home/ichan/yolov11-ros2-cpp/src/yolo_ws) by extension 'colcon_pkg'
[0.309s] colcon.colcon_core.package_identification Level 1 _identify(/home/ichan/yolov11-ros2-cpp/src/yolo_ws) by extensions ['colcon_meta']
[0.309s] colcon.colcon_core.package_identification Level 1 _identify(/home/ichan/yolov11-ros2-cpp/src/yolo_ws) by extension 'colcon_meta'
[0.309s] colcon.colcon_core.package_identification Level 1 _identify(/home/ichan/yolov11-ros2-cpp/src/yolo_ws) by extensions ['ros']
[0.309s] colcon.colcon_core.package_identification Level 1 _identify(/home/ichan/yolov11-ros2-cpp/src/yolo_ws) by extension 'ros'
[0.312s] colcon.colcon_core.package_identification DEBUG Package '/home/ichan/yolov11-ros2-cpp/src/yolo_ws' with type 'ros.ament_cmake' and name 'yolo_ws'
[0.312s] colcon.colcon_core.package_discovery Level 1 discover_packages(recursive) using defaults
